<?xml version="1.0" encoding="UTF-8"?>
<testsuites name="Test on Different User" time="619.533" tests="1" failures="1" errors="0">
   <testsuite name="Test on Different User" tests="1" failures="1" errors="0" time="619.533" skipped="0" timestamp="2024-02-28 14:05:04" hostname="00145409nuralianatasha - localhost" id="Test Suites/SOW2/Test on Different User">
      <properties>
[...]
</properties>
      <testcase name="Test Cases/RETAILFX-SOW2 Market Order/E2E - different User by Dealt Currency" time="619.074" classname="Test Cases/RETAILFX-SOW2 Market Order/E2E - different User by Dealt Currency" status="FAILED">
         <failure type="FAILED" message="Test Cases/RETAILFX-SOW2 Market Order/E2E - different User by Dealt Currency FAILED.
Reason:
com.kms.katalon.core.exception.StepFailedException: Element 'Object Repository/Global Account Page/dynamicText' not found
	at com.kms.katalon.core.keyword.internal.KeywordMain.stepFailed(KeywordMain.groovy:39)
	at com.kms.katalon.core.mobile.keyword.internal.MobileKeywordMain.stepFailed(MobileKeywordMain.groovy:40)
	at com.kms.katalon.core.mobile.keyword.builtin.VerifyElementExistKeyword$_verifyElementExist_closure1.doCall(VerifyElementExistKeyword.groovy:77)
	at com.kms.katalon.core.mobile.keyword.builtin.VerifyElementExistKeyword$_verifyElementExist_closure1.call(VerifyElementExistKeyword.groovy)
	at com.kms.katalon.core.mobile.keyword.internal.MobileKeywordMain.runKeyword(MobileKeywordMain.groovy:21)
	at com.kms.katalon.core.mobile.keyword.builtin.VerifyElementExistKeyword.verifyElementExist(VerifyElementExistKeyword.groovy:80)
	at com.kms.katalon.core.mobile.keyword.builtin.VerifyElementExistKeyword.execute(VerifyElementExistKeyword.groovy:64)
	at com.kms.katalon.core.keyword.internal.KeywordExecutor.executeKeywordForPlatform(KeywordExecutor.groovy:74)
	at com.kms.katalon.core.mobile.keyword.MobileBuiltInKeywords.verifyElementExist(MobileBuiltInKeywords.groovy:1739)
	at com.kms.katalon.core.mobile.keyword.MobileBuiltInKeywords$verifyElementExist$1.call(Unknown Source)
	at E2E - different User by Dealt Currency.run(E2E - different User by Dealt Currency:130)
	at com.kms.katalon.core.main.ScriptEngine.run(ScriptEngine.java:194)
	at com.kms.katalon.core.main.ScriptEngine.runScriptAsRawText(ScriptEngine.java:119)
	at com.kms.katalon.core.main.TestCaseExecutor.runScript(TestCaseExecutor.java:448)
	at com.kms.katalon.core.main.TestCaseExecutor.doExecute(TestCaseExecutor.java:439)
	at com.kms.katalon.core.main.TestCaseExecutor.processExecutionPhase(TestCaseExecutor.java:418)
	at com.kms.katalon.core.main.TestCaseExecutor.accessMainPhase(TestCaseExecutor.java:410)
	at com.kms.katalon.core.main.TestCaseExecutor.execute(TestCaseExecutor.java:285)
	at com.kms.katalon.core.common.CommonExecutor.accessTestCaseMainPhase(CommonExecutor.java:65)
	at com.kms.katalon.core.main.TestSuiteExecutor.accessTestSuiteMainPhase(TestSuiteExecutor.java:148)
	at com.kms.katalon.core.main.TestSuiteExecutor.execute(TestSuiteExecutor.java:106)
	at com.kms.katalon.core.main.TestCaseMain.startTestSuite(TestCaseMain.java:187)
	at com.kms.katalon.core.main.TestCaseMain$startTestSuite$0.call(Unknown Source)
	at TempTestSuite1709100301647.run(TempTestSuite1709100301647.groovy:36)
"/>
         <system-out><![CDATA[2024-02-28 14:05:05 - [TEST_CASE][FAILED] - Test Cases/RETAILFX-SOW2 Market Order/E2E - different User by Dealt Currency: Test Cases/RETAILFX-SOW2 Market Order/E2E - different User by Dealt Currency FAILED.
Reason:
com.kms.katalon.core.exception.StepFailedException: Element 'Object Repository/Global Account Page/dynamicText' not found
	at com.kms.katalon.core.keyword.internal.KeywordMain.stepFailed(KeywordMain.groovy:39)
	at com.kms.katalon.core.mobile.keyword.internal.MobileKeywordMain.stepFailed(MobileKeywordMain.groovy:40)
	at com.kms.katalon.core.mobile.keyword.builtin.VerifyElementExistKeyword$_verifyElementExist_closure1.doCall(VerifyElementExistKeyword.groovy:77)
	at com.kms.katalon.core.mobile.keyword.builtin.VerifyElementExistKeyword$_verifyElementExist_closure1.call(VerifyElementExistKeyword.groovy)
	at com.kms.katalon.core.mobile.keyword.internal.MobileKeywordMain.runKeyword(MobileKeywordMain.groovy:21)
	at com.kms.katalon.core.mobile.keyword.builtin.VerifyElementExistKeyword.verifyElementExist(VerifyElementExistKeyword.groovy:80)
	at com.kms.katalon.core.mobile.keyword.builtin.VerifyElementExistKeyword.execute(VerifyElementExistKeyword.groovy:64)
	at com.kms.katalon.core.keyword.internal.KeywordExecutor.executeKeywordForPlatform(KeywordExecutor.groovy:74)
	at com.kms.katalon.core.mobile.keyword.MobileBuiltInKeywords.verifyElementExist(MobileBuiltInKeywords.groovy:1739)
	at com.kms.katalon.core.mobile.keyword.MobileBuiltInKeywords$verifyElementExist$1.call(Unknown Source)
	at E2E - different User by Dealt Currency.run(E2E - different User by Dealt Currency:130)
	at com.kms.katalon.core.main.ScriptEngine.run(ScriptEngine.java:194)
	at com.kms.katalon.core.main.ScriptEngine.runScriptAsRawText(ScriptEngine.java:119)
	at com.kms.katalon.core.main.TestCaseExecutor.runScript(TestCaseExecutor.java:448)
	at com.kms.katalon.core.main.TestCaseExecutor.doExecute(TestCaseExecutor.java:439)
	at com.kms.katalon.core.main.TestCaseExecutor.processExecutionPhase(TestCaseExecutor.java:418)
	at com.kms.katalon.core.main.TestCaseExecutor.accessMainPhase(TestCaseExecutor.java:410)
	at com.kms.katalon.core.main.TestCaseExecutor.execute(TestCaseExecutor.java:285)
	at com.kms.katalon.core.common.CommonExecutor.accessTestCaseMainPhase(CommonExecutor.java:65)
	at com.kms.katalon.core.main.TestSuiteExecutor.accessTestSuiteMainPhase(TestSuiteExecutor.java:148)
	at com.kms.katalon.core.main.TestSuiteExecutor.execute(TestSuiteExecutor.java:106)
	at com.kms.katalon.core.main.TestCaseMain.startTestSuite(TestCaseMain.java:187)
	at com.kms.katalon.core.main.TestCaseMain$startTestSuite$0.call(Unknown Source)
	at TempTestSuite1709100301647.run(TempTestSuite1709100301647.groovy:36)


2024-02-28 14:05:05 - [TEST_STEP][PASSED] - startExistingApplication("com.maybank2u.life.uat"): Starting app with application ID: 'com.maybank2u.life.uat'

2024-02-28 14:05:06 - [MESSAGE][INFO] - User set preference: ['appWaitActivity', '']

2024-02-28 14:05:06 - [MESSAGE][INFO] - User set preference: ['autoGrantPermission', 'true']

2024-02-28 14:05:06 - [MESSAGE][INFO] - User set preference: ['noReset', 'true']

2024-02-28 14:05:06 - [MESSAGE][INFO] - User set preference: ['deviceId', '']

2024-02-28 14:05:06 - [MESSAGE][INFO] - User set preference: ['newCommandTimeout', '10000']

2024-02-28 14:05:06 - [MESSAGE][INFO] - Detected NodeJS location: "/opt/homebrew/Cellar/node/20.2.0/bin/node"

2024-02-28 14:05:07 - [MESSAGE][INFO] - Appium server started on port 51,123

2024-02-28 14:05:16 - [MESSAGE][PASSED] - Starting app with application ID: 'com.maybank2u.life.uat'

2024-02-28 14:05:16 - [TEST_STEP][FAILED] - for ([row = 1, row <= findTestData("Dealt_MYR_SGD").getRowNumbers(), (row++)]): null

2024-02-28 14:05:16 - [TEST_STEP][PASSED] - utilities.General_Onboarding.Onboarding_Different_User(row): utilities.General_Onboarding.Onboarding_Different_User is PASSED

2024-02-28 14:05:19 - [MESSAGE][PASSED] - Tapped on element 'Object Repository/Onboarding_Obj/Next_Button'

2024-02-28 14:05:20 - [MESSAGE][PASSED] - Tapped on element 'Object Repository/Onboarding_Obj/Next_Button01'

2024-02-28 14:05:21 - [MESSAGE][PASSED] - Tapped on element 'Object Repository/Onboarding_Obj/Next_button02'

2024-02-28 14:05:26 - [MESSAGE][WARNING] - Object Object Repository/Onboarding_Obj/Next_button03 not found

2024-02-28 14:05:26 - [MESSAGE][PASSED] - Tapped on element 'Object Repository/Onboarding_Obj/Got_It_Button'

2024-02-28 14:05:27 - [MESSAGE][PASSED] - Tapped on element 'Object Repository/Onboarding_Obj/Agree_Button1'

2024-02-28 14:05:30 - [MESSAGE][PASSED] - Element 'Object Repository/Onboarding_Obj/Log_In_Now_Button' is exist

2024-02-28 14:05:30 - [MESSAGE][PASSED] - Tapped on element 'Object Repository/Dashboard_Login/Onboarding_Login/android.widget.TextView - Log In Now'

2024-02-28 14:05:32 - [MESSAGE][PASSED] - Tapped on element 'Object Repository/Dashboard_Login/Onboarding_Login/android.widget.TextView - Existing M2UMAE user Log in here'

2024-02-28 14:05:34 - [MESSAGE][PASSED] - Text 'retailfx5' has been set to element 'Object Repository/Dashboard_Login/Onboarding_Login/Username'

2024-02-28 14:05:35 - [MESSAGE][PASSED] - Keyboard is hidden

2024-02-28 14:05:35 - [MESSAGE][PASSED] - Tapped on element 'Object Repository/Dashboard_Login/Onboarding_Login/android.widget.TextView - Continue'

2024-02-28 14:05:37 - [MESSAGE][PASSED] - Tapped on element 'Object Repository/Dashboard_Login/Onboarding_Login/android.widget.TextView - Yes, Its Mine'

2024-02-28 14:05:39 - [MESSAGE][PASSED] - Text 'Maybank@1' has been set to element 'Object Repository/Dashboard_Login/Onboarding_Login/Password'

2024-02-28 14:05:42 - [MESSAGE][PASSED] - Keyboard is hidden

2024-02-28 14:05:42 - [MESSAGE][PASSED] - Tapped on element 'Object Repository/Dashboard_Login/Onboarding_Login/android.widget.TextView - Continue (1)'

2024-02-28 14:06:13 - [MESSAGE][WARNING] - Element 'Object Repository/Onboarding_Obj/android.widget.TextView - Your Maybank2u ID is already linked to the following device' not found

2024-02-28 14:06:13 - [MESSAGE][WARNING] - Timeout '0' is invalid. Using default page load timeout: '30'

2024-02-28 14:06:13 - [MESSAGE][PASSED] - Tapped on element 'Object Repository/Dashboard_Login/Onboarding_Login/android.widget.TextView - Your PIN no. is 111111'

2024-02-28 14:06:15 - [MESSAGE][PASSED] - Tapped on element 'Object Repository/Dashboard_Login/Onboarding_Login/android.widget.ImageView'

2024-02-28 14:06:16 - [MESSAGE][PASSED] - Tapped on element 'Object Repository/Dashboard_Login/Onboarding_Login/android.widget.TextView - Your PIN no. is 111111'

2024-02-28 14:06:18 - [MESSAGE][PASSED] - Tapped on element 'Object Repository/Dashboard_Login/Onboarding_Login/android.widget.ImageView'

2024-02-28 14:06:20 - [MESSAGE][PASSED] - Tapped on element 'Object Repository/Dashboard_Login/Onboarding_Login/android.widget.TextView - Set Up Later'

2024-02-28 14:06:21 - [MESSAGE][PASSED] - Tapped on element 'Object Repository/Dashboard_Login/Onboarding_Login/android.widget.TextView - Yes, Proceed'

2024-02-28 14:06:25 - [MESSAGE][PASSED] - Text of element 'Object Repository/Dashboard_Login/Onboarding_Login/android.widget.TextView - OTP' is: 'Your OTP no. is 730393'

2024-02-28 14:06:25 - [MESSAGE][PASSED] - Tapped on element 'Object Repository/OTP_Number/Button_7'

2024-02-28 14:06:26 - [MESSAGE][PASSED] - Delayed 1 second(s)

2024-02-28 14:06:28 - [MESSAGE][PASSED] - Tapped on element 'Object Repository/OTP_Number/Button_3'

2024-02-28 14:06:29 - [MESSAGE][PASSED] - Delayed 1 second(s)

2024-02-28 14:06:30 - [MESSAGE][PASSED] - Tapped on element 'Object Repository/OTP_Number/Button_0'

2024-02-28 14:06:31 - [MESSAGE][PASSED] - Delayed 1 second(s)

2024-02-28 14:06:32 - [MESSAGE][PASSED] - Tapped on element 'Object Repository/OTP_Number/Button_3'

2024-02-28 14:06:33 - [MESSAGE][PASSED] - Delayed 1 second(s)

2024-02-28 14:06:34 - [MESSAGE][PASSED] - Tapped on element 'Object Repository/OTP_Number/Button_9'

2024-02-28 14:06:35 - [MESSAGE][PASSED] - Delayed 1 second(s)

2024-02-28 14:06:36 - [MESSAGE][PASSED] - Tapped on element 'Object Repository/OTP_Number/Button_3'

2024-02-28 14:06:37 - [MESSAGE][PASSED] - Delayed 1 second(s)

2024-02-28 14:06:38 - [MESSAGE][PASSED] - Tapped on element 'Object Repository/OTP_Number/Enter_Image'

2024-02-28 14:06:43 - [MESSAGE][PASSED] - Text 'Retailfxfive' has been set to element 'Object Repository/Dashboard_Login/Onboarding_Login/android.widget.EditText - Enter your name'

2024-02-28 14:06:44 - [MESSAGE][PASSED] - Tapped on element 'Object Repository/Dashboard_Login/Onboarding_Login/android.widget.TextView - Continue (1)'

2024-02-28 14:06:47 - [MESSAGE][PASSED] - Tapped on element 'Object Repository/Dashboard_Login/Onboarding_Login/GetCurrency'

2024-02-28 14:06:48 - [MESSAGE][PASSED] - Tapped on element 'Object Repository/Dashboard_Login/Onboarding_Login/android.widget.TextView - Next'

2024-02-28 14:06:50 - [MESSAGE][PASSED] - Tapped on element 'Object Repository/Onboarding_Obj/android.widget.Close_Button'

2024-02-28 14:06:55 - [MESSAGE][WARNING] - Object Object Repository/Global Account Page/dynamicText not found

2024-02-28 14:06:55 - [MESSAGE][WARNING] - Timeout '0' is invalid. Using default page load timeout: '30'

2024-02-28 14:07:02 - [MESSAGE][PASSED] - Element 'Object Repository/Dashboard_Login/User_name' is exist

2024-02-28 14:07:02 - [MESSAGE][WARNING] - Timeout '0' is invalid. Using default page load timeout: '30'

2024-02-28 14:07:02 - [MESSAGE][PASSED] - Tapped on element 'Object Repository/Mange_Quick_Actions/android.widget.TextView - Customise'

2024-02-28 14:07:02 - [MESSAGE][WARNING] - Timeout '0' is invalid. Using default page load timeout: '30'

2024-02-28 14:07:03 - [MESSAGE][PASSED] - Element 'Object Repository/Mange_Quick_Actions/android.widget.TextView - Manage Quick Actions' is present

2024-02-28 14:07:03 - [MESSAGE][WARNING] - Timeout '0' is invalid. Using default page load timeout: '30'

2024-02-28 14:07:03 - [MESSAGE][PASSED] - Element 'Object Repository/Mange_Quick_Actions/android.widget.TextView - Manage Quick Actions' is exist

2024-02-28 14:07:03 - [MESSAGE][WARNING] - Timeout '0' is invalid. Using default page load timeout: '30'

2024-02-28 14:07:04 - [MESSAGE][PASSED] - Element 'Object Repository/Mange_Quick_Actions/android.widget.TextView - Simply hold and drag to rearrange the actions' is exist

2024-02-28 14:07:04 - [MESSAGE][WARNING] - Timeout '0' is invalid. Using default page load timeout: '30'

2024-02-28 14:07:04 - [MESSAGE][PASSED] - Element 'Object Repository/Mange_Quick_Actions/android.widget.TextView - Your current favourite actions' is exist

2024-02-28 14:07:04 - [MESSAGE][WARNING] - Timeout '0' is invalid. Using default page load timeout: '30'

2024-02-28 14:07:04 - [MESSAGE][PASSED] - Object 'Object Repository/Mange_Quick_Actions/android.widget.TextView - Save Changes' has attribute 'clickable' with value 'false'

2024-02-28 14:07:05 - [MESSAGE][PASSED] - Screenshot is taken
[[ATTACHMENT|/Users/00145409nuralianatasha/Desktop/automation_Retail_FX(public_git)/Reports/20240228_140501/SOW2/Test on Different User/20240228_140501/1709100424846.png]]

2024-02-28 14:07:05 - [MESSAGE][WARNING] - Timeout '0' is invalid. Using default page load timeout: '30'

2024-02-28 14:07:05 - [MESSAGE][PASSED] - Tapped on element 'Object Repository/Mange_Quick_Actions/android.widget.Remove_Image'

2024-02-28 14:07:06 - [MESSAGE][PASSED] - Swiped from 271,1,756 to 0,0

2024-02-28 14:07:07 - [MESSAGE][PASSED] - Screenshot is taken
[[ATTACHMENT|/Users/00145409nuralianatasha/Desktop/automation_Retail_FX(public_git)/Reports/20240228_140501/SOW2/Test on Different User/20240228_140501/1709100426789.png]]

2024-02-28 14:07:07 - [MESSAGE][WARNING] - Timeout '0' is invalid. Using default page load timeout: '30'

2024-02-28 14:07:07 - [MESSAGE][PASSED] - Tapped on element 'Object Repository/Mange_Quick_Actions/android.widget.TextView - Currency Exchange'

2024-02-28 14:07:07 - [MESSAGE][WARNING] - Timeout '0' is invalid. Using default page load timeout: '30'

2024-02-28 14:07:08 - [MESSAGE][PASSED] - Tapped on element 'Object Repository/Mange_Quick_Actions/android.widget.TextView - Save Changes'

2024-02-28 14:07:08 - [MESSAGE][PASSED] - Screenshot is taken
[[ATTACHMENT|/Users/00145409nuralianatasha/Desktop/automation_Retail_FX(public_git)/Reports/20240228_140501/SOW2/Test on Different User/20240228_140501/1709100428356.png]]

2024-02-28 14:07:08 - [MESSAGE][WARNING] - Timeout '0' is invalid. Using default page load timeout: '30'

2024-02-28 14:07:09 - [MESSAGE][PASSED] - Element 'Object Repository/Quick_Action/android.widget.TextView - Currency Exchange' is exist

2024-02-28 14:07:09 - [MESSAGE][WARNING] - Timeout '0' is invalid. Using default page load timeout: '30'

2024-02-28 14:07:10 - [MESSAGE][PASSED] - Tapped on element 'Object Repository/Quick_Action/android.widget.TextView - Currency Exchange'

2024-02-28 14:07:10 - [MESSAGE][WARNING] - Timeout '0' is invalid. Using default page load timeout: '30'

2024-02-28 14:07:13 - [MESSAGE][PASSED] - Tapped on element 'Object Repository/Global Account Page/dynamicText'

2024-02-28 14:07:13 - [MESSAGE][PASSED] - utilities.General_Onboarding.Onboarding_Different_User is PASSED

2024-02-28 14:07:13 - [TEST_STEP][PASSED] - username = findTestData("Dealt_MYR_SGD").getValue("Username", row): null

2024-02-28 14:07:14 - [TEST_STEP][PASSED] - base_currency = findTestData("Dealt_MYR_SGD").getValue("Base_Currency", row): null

2024-02-28 14:07:14 - [TEST_STEP][PASSED] - dealt_currency = findTestData("Dealt_MYR_SGD").getValue("Dealt_Currency", row): null

2024-02-28 14:07:14 - [TEST_STEP][PASSED] - checkLinkedDevice = Validation.checkElementExists("Object Repository/Market Order Page/android.widget.TextView - Enter your password"): Element 'Object Repository/Market Order Page/android.widget.TextView - Enter your password' not found

2024-02-28 14:07:44 - [MESSAGE][WARNING] - Element 'Object Repository/Market Order Page/android.widget.TextView - Enter your password' not found

2024-02-28 14:07:44 - [TEST_STEP][PASSED] - if (checkLinkedDevice == true): null

2024-02-28 14:07:44 - [TEST_STEP][PASSED] - else: null

2024-02-28 14:07:44 - [TEST_STEP][PASSED] - CONTINUE_ON_FAILURE: null

2024-02-28 14:07:44 - [TEST_STEP][PASSED] - delay(10): Delayed 10 second(s)

2024-02-28 14:07:54 - [MESSAGE][PASSED] - Delayed 10 second(s)

2024-02-28 14:07:54 - [TEST_STEP][PASSED] - utilities.Deal_Agregator.MarketOrder_FromDropdown(findTestData("Dealt_MYR_SGD").getValue("Base_Currency", row)): utilities.Deal_Agregator.MarketOrder_FromDropdown is PASSED

2024-02-28 14:07:54 - [MESSAGE][PASSED] - Tapped on element 'Object Repository/SOW2-Market Order/Convert_Dropdown/android.widget.TextView - Convert_Dropdown'

2024-02-28 14:07:55 - [MESSAGE][PASSED] - Element 'Object Repository/SOW2-Market Order/Convert_Dropdown/android.view.View - Select Currency' is present

2024-02-28 14:07:55 - [MESSAGE][PASSED] - Tapped on element 'Object Repository/SOW2-Market Order/Convert_Dropdown/android.widget.EditText_Select_Currency'

2024-02-28 14:07:56 - [MESSAGE][PASSED] - Text 'USD' has been set to element 'Object Repository/SOW2-Market Order/Convert_Dropdown/android.widget.EditText_Select_Currency'

2024-02-28 14:07:57 - [MESSAGE][PASSED] - Keyboard is hidden

2024-02-28 14:08:02 - [MESSAGE][PASSED] - Delayed 5 second(s)

2024-02-28 14:08:02 - [MESSAGE][PASSED] - Tapped on element 'Object Repository/Global Account Page/dynamicText'

2024-02-28 14:08:02 - [MESSAGE][PASSED] - utilities.Deal_Agregator.MarketOrder_FromDropdown is PASSED

2024-02-28 14:08:02 - [TEST_STEP][PASSED] - delay(10): Delayed 10 second(s)

2024-02-28 14:08:12 - [MESSAGE][PASSED] - Delayed 10 second(s)

2024-02-28 14:08:12 - [TEST_STEP][PASSED] - tap(findTestObject("SOW2-Market Order/android.widget.TextView _EditText"), 0, CONTINUE_ON_FAILURE): Tapped on element 'Object Repository/SOW2-Market Order/android.widget.TextView _EditText'

2024-02-28 14:08:13 - [MESSAGE][WARNING] - Timeout '0' is invalid. Using default page load timeout: '30'

2024-02-28 14:08:13 - [MESSAGE][PASSED] - Tapped on element 'Object Repository/SOW2-Market Order/android.widget.TextView _EditText'

2024-02-28 14:08:13 - [TEST_STEP][PASSED] - digits = "5000": null

2024-02-28 14:08:13 - [TEST_STEP][PASSED] - Currency_Calculator.Currency_Numpad(digits): Tapped on element 'Object Repository/Calc_Pad/android.widget.Image'

2024-02-28 14:08:14 - [MESSAGE][PASSED] - Tapped on element 'Object Repository/Calc_Pad/android.widget.TextView - 5'

2024-02-28 14:08:15 - [MESSAGE][PASSED] - Tapped on element 'Object Repository/Calc_Pad/android.widget.TextView - 0'

2024-02-28 14:08:15 - [MESSAGE][PASSED] - Tapped on element 'Object Repository/Calc_Pad/android.widget.TextView - 0'

2024-02-28 14:08:16 - [MESSAGE][PASSED] - Tapped on element 'Object Repository/Calc_Pad/android.widget.TextView - 0'

2024-02-28 14:08:16 - [MESSAGE][PASSED] - Tapped on element 'Object Repository/Calc_Pad/android.widget.Image'

2024-02-28 14:08:16 - [TEST_STEP][PASSED] - utilities.Deal_Agregator.sow2market_orderdropdown(findTestData("Dealt_MYR_SGD").getValue("Dealt_Currency", row)): utilities.Deal_Agregator.sow2market_orderdropdown is PASSED

2024-02-28 14:08:16 - [MESSAGE][WARNING] - Timeout '0' is invalid. Using default page load timeout: '30'

2024-02-28 14:08:17 - [MESSAGE][PASSED] - Tapped on element 'Object Repository/SOW2-Market Order/Select_Currency Dropdown'

2024-02-28 14:08:17 - [MESSAGE][PASSED] - Element 'Object Repository/SOW2-Market Order/android.view.View - Select Currency' is present

2024-02-28 14:08:17 - [MESSAGE][PASSED] - Element 'Object Repository/SOW2-Market Order/android.view.View - Select Currency' is exist

2024-02-28 14:08:18 - [MESSAGE][PASSED] - Tapped on element 'Object Repository/SOW2-Market Order/android.widget.EditText_SearchCurrency'

2024-02-28 14:08:18 - [MESSAGE][PASSED] - Text 'MYR' has been set to element 'Object Repository/SOW2-Market Order/android.widget.EditText_SearchCurrency'

2024-02-28 14:08:19 - [MESSAGE][PASSED] - Keyboard is hidden

2024-02-28 14:08:24 - [MESSAGE][PASSED] - Delayed 5 second(s)

2024-02-28 14:08:25 - [MESSAGE][PASSED] - Tapped on element 'Object Repository/Global Account Page/dynamicText'

2024-02-28 14:08:25 - [MESSAGE][PASSED] - utilities.Deal_Agregator.sow2market_orderdropdown is PASSED

2024-02-28 14:08:25 - [TEST_STEP][PASSED] - verifyElementExist(findTestObject("Global Account Page/dynamicText", ["text":"Exchange rate"]), 5, CONTINUE_ON_FAILURE): Element 'Object Repository/Global Account Page/dynamicText' is exist

2024-02-28 14:08:26 - [MESSAGE][PASSED] - Element 'Object Repository/Global Account Page/dynamicText' is exist

2024-02-28 14:08:26 - [TEST_STEP][PASSED] - tap(findTestObject("SOW2-Market Order/android.widget.EditText _Amount to Received"), 0, CONTINUE_ON_FAILURE): Tapped on element 'Object Repository/SOW2-Market Order/android.widget.EditText _Amount to Received'

2024-02-28 14:08:26 - [MESSAGE][WARNING] - Timeout '0' is invalid. Using default page load timeout: '30'

2024-02-28 14:08:26 - [MESSAGE][PASSED] - Tapped on element 'Object Repository/SOW2-Market Order/android.widget.EditText _Amount to Received'

2024-02-28 14:08:26 - [TEST_STEP][PASSED] - delay(10): Delayed 10 second(s)

2024-02-28 14:08:36 - [MESSAGE][PASSED] - Delayed 10 second(s)

2024-02-28 14:08:36 - [TEST_STEP][PASSED] - digits2 = "1000": null

2024-02-28 14:08:36 - [TEST_STEP][PASSED] - Currency_Calculator.remove_Amount(digits2): Delayed 1 second(s)

2024-02-28 14:08:41 - [MESSAGE][WARNING] - Object Object Repository/SOW2-Market Order/Remove_amount not found

2024-02-28 14:08:42 - [MESSAGE][PASSED] - Delayed 1 second(s)

2024-02-28 14:08:47 - [MESSAGE][WARNING] - Object Object Repository/SOW2-Market Order/Remove_amount not found

2024-02-28 14:08:48 - [MESSAGE][PASSED] - Delayed 1 second(s)

2024-02-28 14:08:53 - [MESSAGE][WARNING] - Object Object Repository/SOW2-Market Order/Remove_amount not found

2024-02-28 14:08:54 - [MESSAGE][PASSED] - Delayed 1 second(s)

2024-02-28 14:08:59 - [MESSAGE][WARNING] - Object Object Repository/SOW2-Market Order/Remove_amount not found

2024-02-28 14:09:00 - [MESSAGE][PASSED] - Delayed 1 second(s)

2024-02-28 14:09:00 - [TEST_STEP][PASSED] - delay(10): Delayed 10 second(s)

2024-02-28 14:09:10 - [MESSAGE][PASSED] - Delayed 10 second(s)

2024-02-28 14:09:10 - [TEST_STEP][PASSED] - Currency_Calculator.Currency_Numpad(digits2): Object Object Repository/Calc_Pad/android.widget.Image not found

2024-02-28 14:09:16 - [MESSAGE][WARNING] - Object Object Repository/Calc_Pad/android.widget.TextView - 1 not found

2024-02-28 14:09:21 - [MESSAGE][WARNING] - Object Object Repository/Calc_Pad/android.widget.TextView - 0 not found

2024-02-28 14:09:26 - [MESSAGE][WARNING] - Object Object Repository/Calc_Pad/android.widget.TextView - 0 not found

2024-02-28 14:09:31 - [MESSAGE][WARNING] - Object Object Repository/Calc_Pad/android.widget.TextView - 0 not found

2024-02-28 14:09:36 - [MESSAGE][WARNING] - Object Object Repository/Calc_Pad/android.widget.Image not found

2024-02-28 14:09:36 - [TEST_STEP][PASSED] - delay(10): Delayed 10 second(s)

2024-02-28 14:09:46 - [MESSAGE][PASSED] - Delayed 10 second(s)

2024-02-28 14:09:46 - [TEST_STEP][PASSED] - takeScreenshot(): Screenshot is taken

2024-02-28 14:09:47 - [MESSAGE][PASSED] - Screenshot is taken
[[ATTACHMENT|/Users/00145409nuralianatasha/Desktop/automation_Retail_FX(public_git)/Reports/20240228_140501/SOW2/Test on Different User/20240228_140501/1709100586594.png]]

2024-02-28 14:09:47 - [TEST_STEP][PASSED] - tap(findTestObject("SOW2-Market Order/android.widget.Dynamic_Button", ["text":"Next"]), 0, CONTINUE_ON_FAILURE): Tapped on element 'Object Repository/SOW2-Market Order/android.widget.Dynamic_Button'

2024-02-28 14:09:47 - [MESSAGE][WARNING] - Timeout '0' is invalid. Using default page load timeout: '30'

2024-02-28 14:09:47 - [MESSAGE][PASSED] - Tapped on element 'Object Repository/SOW2-Market Order/android.widget.Dynamic_Button'

2024-02-28 14:09:47 - [TEST_STEP][PASSED] - waitForElementPresent(findTestObject("Global Account Page/dynamicText", ["text":"Step 2 of 2"]), 5, CONTINUE_ON_FAILURE): Element 'Object Repository/Global Account Page/dynamicText' is present

2024-02-28 14:09:48 - [MESSAGE][PASSED] - Element 'Object Repository/Global Account Page/dynamicText' is present

2024-02-28 14:09:48 - [TEST_STEP][PASSED] - verifyElementExist(findTestObject("Global Account Page/dynamicText", ["text":"Step 2 of 2"]), 5, CONTINUE_ON_FAILURE): Element 'Object Repository/Global Account Page/dynamicText' is exist

2024-02-28 14:09:48 - [MESSAGE][PASSED] - Element 'Object Repository/Global Account Page/dynamicText' is exist

2024-02-28 14:09:48 - [TEST_STEP][PASSED] - takeScreenshot(): Screenshot is taken

2024-02-28 14:09:48 - [MESSAGE][PASSED] - Screenshot is taken
[[ATTACHMENT|/Users/00145409nuralianatasha/Desktop/automation_Retail_FX(public_git)/Reports/20240228_140501/SOW2/Test on Different User/20240228_140501/1709100588273.png]]

2024-02-28 14:09:48 - [TEST_STEP][PASSED] - tap(findTestObject("SOW2-Market Order/android.widget.Dynamic_Button", ["text":"Get Quote"]), 0, CONTINUE_ON_FAILURE): Tapped on element 'Object Repository/SOW2-Market Order/android.widget.Dynamic_Button'

2024-02-28 14:09:48 - [MESSAGE][WARNING] - Timeout '0' is invalid. Using default page load timeout: '30'

2024-02-28 14:09:48 - [MESSAGE][PASSED] - Tapped on element 'Object Repository/SOW2-Market Order/android.widget.Dynamic_Button'

2024-02-28 14:09:48 - [TEST_STEP][PASSED] - waitForElementPresent(findTestObject("Global Account Page/dynamicText", ["text":"Confirmation"]), 5, CONTINUE_ON_FAILURE): Element 'Object Repository/Global Account Page/dynamicText' is present

2024-02-28 14:09:49 - [MESSAGE][PASSED] - Element 'Object Repository/Global Account Page/dynamicText' is present

2024-02-28 14:09:49 - [TEST_STEP][PASSED] - comment("Confirmation Page"): Confirmation Page

2024-02-28 14:09:49 - [MESSAGE][INFO] - Confirmation Page

2024-02-28 14:09:49 - [TEST_STEP][PASSED] - verifyElementExist(findTestObject("Global Account Page/dynamicText", ["text":"Amount to receive"]), 5, CONTINUE_ON_FAILURE): Element 'Object Repository/Global Account Page/dynamicText' is exist

2024-02-28 14:09:51 - [MESSAGE][PASSED] - Element 'Object Repository/Global Account Page/dynamicText' is exist

2024-02-28 14:09:51 - [TEST_STEP][PASSED] - takeScreenshot(CONTINUE_ON_FAILURE): Screenshot is taken

2024-02-28 14:09:51 - [MESSAGE][PASSED] - Screenshot is taken
[[ATTACHMENT|/Users/00145409nuralianatasha/Desktop/automation_Retail_FX(public_git)/Reports/20240228_140501/SOW2/Test on Different User/20240228_140501/1709100591382.png]]

2024-02-28 14:09:51 - [TEST_STEP][PASSED] - tap(findTestObject("SOW2-Market Order/android.view.View - I have read and agree to the BNM Foreign Exchange Rules, I accept the declaration as well as the Terms  Conditions for this transfer"), 0, CONTINUE_ON_FAILURE): Tapped on element 'Object Repository/SOW2-Market Order/android.view.View - I have read and agree to the BNM Foreign Exchange Rules, I accept the declaration as well as the Terms  Conditions for this transfer'

2024-02-28 14:09:51 - [MESSAGE][WARNING] - Timeout '0' is invalid. Using default page load timeout: '30'

2024-02-28 14:09:52 - [MESSAGE][PASSED] - Tapped on element 'Object Repository/SOW2-Market Order/android.view.View - I have read and agree to the BNM Foreign Exchange Rules, I accept the declaration as well as the Terms  Conditions for this transfer'

2024-02-28 14:09:52 - [TEST_STEP][PASSED] - utilities.Mobile_Keywords.scrollFromTopToBottom(): utilities.Mobile_Keywords.scrollFromTopToBottom is PASSED

2024-02-28 14:09:52 - [MESSAGE][PASSED] - Current device physical height is 2180

2024-02-28 14:09:52 - [MESSAGE][PASSED] - Current device physical width is 1080

2024-02-28 14:09:53 - [MESSAGE][PASSED] - Swiped from 540,1,526 to 540,654

2024-02-28 14:09:58 - [MESSAGE][PASSED] - Delayed 5 second(s)

2024-02-28 14:09:58 - [MESSAGE][PASSED] - utilities.Mobile_Keywords.scrollFromTopToBottom is PASSED

2024-02-28 14:09:58 - [TEST_STEP][PASSED] - tap(findTestObject("SOW2-Market Order/android.widget.Dynamic_Button", ["text":"Confirm"]), 0, CONTINUE_ON_FAILURE): Tapped on element 'Object Repository/SOW2-Market Order/android.widget.Dynamic_Button'

2024-02-28 14:09:58 - [MESSAGE][WARNING] - Timeout '0' is invalid. Using default page load timeout: '30'

2024-02-28 14:09:58 - [MESSAGE][PASSED] - Tapped on element 'Object Repository/SOW2-Market Order/android.widget.Dynamic_Button'

2024-02-28 14:09:58 - [TEST_STEP][PASSED] - waitForElementPresent(findTestObject("Global Account Page/dynamicText", ["text":"Transaction Successful"]), 5, CONTINUE_ON_FAILURE): Object Object Repository/Global Account Page/dynamicText not found

2024-02-28 14:10:09 - [MESSAGE][WARNING] - Object Object Repository/Global Account Page/dynamicText not found

2024-02-28 14:10:09 - [TEST_STEP][FAILED] - verifyElementExist(findTestObject("Global Account Page/dynamicText", ["text":"Transaction Successful"]), 5, CONTINUE_ON_FAILURE): Element 'Object Repository/Global Account Page/dynamicText' not found

2024-02-28 14:10:14 - [MESSAGE][FAILED] - Element 'Object Repository/Global Account Page/dynamicText' not found

2024-02-28 14:10:14 - [TEST_STEP][PASSED] - verifyElementExist(findTestObject("Global Account Page/dynamicText", ["text":"Reference ID"]), 0, CONTINUE_ON_FAILURE): Element 'Object Repository/Global Account Page/dynamicText' is exist

2024-02-28 14:10:14 - [MESSAGE][WARNING] - Timeout '0' is invalid. Using default page load timeout: '30'

2024-02-28 14:10:14 - [MESSAGE][PASSED] - Element 'Object Repository/Global Account Page/dynamicText' is exist

2024-02-28 14:10:14 - [TEST_STEP][PASSED] - reference_id = getText(findTestObject("Market Order Page/android.widget.TextView - Reference ID"), 5, CONTINUE_ON_FAILURE): Text of element 'Object Repository/Market Order Page/android.widget.TextView - Reference ID' is: '004136714M'

2024-02-28 14:10:15 - [MESSAGE][PASSED] - Text of element 'Object Repository/Market Order Page/android.widget.TextView - Reference ID' is: '004136714M'

2024-02-28 14:10:15 - [TEST_STEP][FAILED] - amount_received = getText(findTestObject("transaction_successful/Amount received"), 5, CONTINUE_ON_FAILURE): Object Object Repository/transaction_successful/Amount received not found

2024-02-28 14:10:20 - [MESSAGE][FAILED] - Object Object Repository/transaction_successful/Amount received not found

2024-02-28 14:10:20 - [TEST_STEP][PASSED] - takeScreenshot(CONTINUE_ON_FAILURE): Screenshot is taken

2024-02-28 14:10:20 - [MESSAGE][PASSED] - Screenshot is taken
[[ATTACHMENT|/Users/00145409nuralianatasha/Desktop/automation_Retail_FX(public_git)/Reports/20240228_140501/SOW2/Test on Different User/20240228_140501/1709100620117.png]]

2024-02-28 14:10:20 - [TEST_STEP][FAILED] - tap(findTestObject("Global Account Page/dynamicText", ["text":"Share Receipt"]), 0, CONTINUE_ON_FAILURE): Object Object Repository/Global Account Page/dynamicText not found

2024-02-28 14:10:20 - [MESSAGE][WARNING] - Timeout '0' is invalid. Using default page load timeout: '30'

2024-02-28 14:10:52 - [MESSAGE][FAILED] - Object Object Repository/Global Account Page/dynamicText not found

2024-02-28 14:10:52 - [TEST_STEP][PASSED] - delay(10): Delayed 10 second(s)

2024-02-28 14:11:02 - [MESSAGE][PASSED] - Delayed 10 second(s)

2024-02-28 14:11:02 - [TEST_STEP][PASSED] - waitForElementPresent(findTestObject("Global Account Page/dynamicText", ["text":"Currency Exchange"]), 5, CONTINUE_ON_FAILURE): Object Object Repository/Global Account Page/dynamicText not found

2024-02-28 14:11:07 - [MESSAGE][WARNING] - Object Object Repository/Global Account Page/dynamicText not found

2024-02-28 14:11:07 - [TEST_STEP][FAILED] - verifyElementExist(findTestObject("Global Account Page/dynamicText", ["text":"Completed"]), 5, CONTINUE_ON_FAILURE): Element 'Object Repository/Global Account Page/dynamicText' not found

2024-02-28 14:11:12 - [MESSAGE][FAILED] - Element 'Object Repository/Global Account Page/dynamicText' not found

2024-02-28 14:11:12 - [TEST_STEP][PASSED] - takeScreenshot(): Screenshot is taken

2024-02-28 14:11:12 - [MESSAGE][PASSED] - Screenshot is taken
[[ATTACHMENT|/Users/00145409nuralianatasha/Desktop/automation_Retail_FX(public_git)/Reports/20240228_140501/SOW2/Test on Different User/20240228_140501/1709100672322.png]]

2024-02-28 14:11:12 - [TEST_STEP][PASSED] - utilities.Mobile_Keywords.scrollFromTopToBottom(): utilities.Mobile_Keywords.scrollFromTopToBottom is PASSED

2024-02-28 14:11:12 - [MESSAGE][PASSED] - Current device physical height is 2180

2024-02-28 14:11:12 - [MESSAGE][PASSED] - Current device physical width is 1080

2024-02-28 14:11:14 - [MESSAGE][PASSED] - Swiped from 540,1,526 to 540,654

2024-02-28 14:11:19 - [MESSAGE][PASSED] - Delayed 5 second(s)

2024-02-28 14:11:19 - [MESSAGE][PASSED] - utilities.Mobile_Keywords.scrollFromTopToBottom is PASSED

2024-02-28 14:11:19 - [TEST_STEP][PASSED] - delay(5): Delayed 5 second(s)

2024-02-28 14:11:24 - [MESSAGE][PASSED] - Delayed 5 second(s)

2024-02-28 14:11:24 - [TEST_STEP][PASSED] - takeScreenshot(): Screenshot is taken

2024-02-28 14:11:24 - [MESSAGE][PASSED] - Screenshot is taken
[[ATTACHMENT|/Users/00145409nuralianatasha/Desktop/automation_Retail_FX(public_git)/Reports/20240228_140501/SOW2/Test on Different User/20240228_140501/1709100684218.png]]

2024-02-28 14:11:24 - [TEST_STEP][FAILED] - tap(findTestObject("Market Order Page/android.widget.ImageViewBack_Button"), 0, CONTINUE_ON_FAILURE): Object Object Repository/Market Order Page/android.widget.ImageViewBack_Button not found

2024-02-28 14:11:24 - [MESSAGE][WARNING] - Timeout '0' is invalid. Using default page load timeout: '30'

2024-02-28 14:11:54 - [MESSAGE][FAILED] - Object Object Repository/Market Order Page/android.widget.ImageViewBack_Button not found

2024-02-28 14:11:54 - [TEST_STEP][PASSED] - waitForElementPresent(findTestObject("Global Account Page/dynamicText", ["text":"Transaction Successful"]), 0, CONTINUE_ON_FAILURE): Object Object Repository/Global Account Page/dynamicText not found

2024-02-28 14:11:54 - [MESSAGE][WARNING] - Timeout '0' is invalid. Using default page load timeout: '30'

2024-02-28 14:12:24 - [MESSAGE][WARNING] - Object Object Repository/Global Account Page/dynamicText not found

2024-02-28 14:12:25 - [TEST_STEP][FAILED] - verifyElementExist(findTestObject("Global Account Page/dynamicText", ["text":"Transaction Successful"]), 0, CONTINUE_ON_FAILURE): Element 'Object Repository/Global Account Page/dynamicText' not found

2024-02-28 14:12:25 - [MESSAGE][WARNING] - Timeout '0' is invalid. Using default page load timeout: '30'

2024-02-28 14:12:55 - [MESSAGE][FAILED] - Element 'Object Repository/Global Account Page/dynamicText' not found

2024-02-28 14:12:55 - [TEST_STEP][PASSED] - CurrentDate = Validation.datetime(): null

2024-02-28 14:12:55 - [TEST_STEP][PASSED] - comment("The Current Date is " + CurrentDate): The Current Date is 28 Feb 2024 14:12

2024-02-28 14:12:55 - [MESSAGE][INFO] - The Current Date is 28 Feb 2024 14:12

2024-02-28 14:12:55 - [TEST_STEP][PASSED] - takeScreenshot(): Screenshot is taken

2024-02-28 14:12:55 - [MESSAGE][PASSED] - Screenshot is taken
[[ATTACHMENT|/Users/00145409nuralianatasha/Desktop/automation_Retail_FX(public_git)/Reports/20240228_140501/SOW2/Test on Different User/20240228_140501/1709100775278.png]]

2024-02-28 14:12:55 - [TEST_STEP][PASSED] - tap(findTestObject("Global Account Page/dynamicText", ["text":"Done"]), 0, CONTINUE_ON_FAILURE): Tapped on element 'Object Repository/Global Account Page/dynamicText'

2024-02-28 14:12:55 - [MESSAGE][WARNING] - Timeout '0' is invalid. Using default page load timeout: '30'

2024-02-28 14:12:56 - [MESSAGE][PASSED] - Tapped on element 'Object Repository/Global Account Page/dynamicText'

2024-02-28 14:12:56 - [TEST_STEP][PASSED] - data_to_excel.dealt_ammount(row, reference_id, username, base_currency, dealt_currency, amount_received): null

2024-02-28 14:12:56 - [TEST_STEP][PASSED] - tap(findTestObject("SOW2-Market Order/Back_Button_Currency_Exchange"), 0, CONTINUE_ON_FAILURE): Tapped on element 'Object Repository/SOW2-Market Order/Back_Button_Currency_Exchange'

2024-02-28 14:12:56 - [MESSAGE][WARNING] - Timeout '0' is invalid. Using default page load timeout: '30'

2024-02-28 14:12:57 - [MESSAGE][PASSED] - Tapped on element 'Object Repository/SOW2-Market Order/Back_Button_Currency_Exchange'

2024-02-28 14:12:57 - [TEST_STEP][PASSED] - Utility.doubleTap(): Current device physical width is 1080

2024-02-28 14:12:57 - [MESSAGE][PASSED] - Current device physical height is 2180

2024-02-28 14:12:57 - [MESSAGE][PASSED] - Current device physical width is 1080

2024-02-28 14:13:18 - [TEST_STEP][PASSED] - waitForElementPresent(findTestObject("Global Account Page/dynamicText", ["text":"DEV OPTIONS"]), 0, CONTINUE_ON_FAILURE): Element 'Object Repository/Global Account Page/dynamicText' is present

2024-02-28 14:13:18 - [MESSAGE][WARNING] - Timeout '0' is invalid. Using default page load timeout: '30'

2024-02-28 14:13:18 - [MESSAGE][PASSED] - Element 'Object Repository/Global Account Page/dynamicText' is present

2024-02-28 14:13:18 - [TEST_STEP][PASSED] - waitForElementPresent(findTestObject("Global Account Page/dynamicText", ["text":"CLEAR DATA & CACHE"]), 0, CONTINUE_ON_FAILURE): Element 'Object Repository/Global Account Page/dynamicText' is present

2024-02-28 14:13:18 - [MESSAGE][WARNING] - Timeout '0' is invalid. Using default page load timeout: '30'

2024-02-28 14:13:18 - [MESSAGE][PASSED] - Element 'Object Repository/Global Account Page/dynamicText' is present

2024-02-28 14:13:18 - [TEST_STEP][PASSED] - tap(findTestObject("Global Account Page/dynamicText", ["text":"CLEAR DATA & CACHE"]), 0, CONTINUE_ON_FAILURE): Tapped on element 'Object Repository/Global Account Page/dynamicText'

2024-02-28 14:13:18 - [MESSAGE][WARNING] - Timeout '0' is invalid. Using default page load timeout: '30'

2024-02-28 14:13:18 - [MESSAGE][PASSED] - Tapped on element 'Object Repository/Global Account Page/dynamicText'

2024-02-28 14:13:18 - [TEST_STEP][PASSED] - waitForElementPresent(findTestObject("Global Account Page/dynamicText", ["text":"Confirmation"]), 0, CONTINUE_ON_FAILURE): Element 'Object Repository/Global Account Page/dynamicText' is present

2024-02-28 14:13:19 - [MESSAGE][WARNING] - Timeout '0' is invalid. Using default page load timeout: '30'

2024-02-28 14:13:19 - [MESSAGE][PASSED] - Element 'Object Repository/Global Account Page/dynamicText' is present

2024-02-28 14:13:19 - [TEST_STEP][PASSED] - tap(findTestObject("SOW2-Market Order/android.widget.Button - YES"), 0, CONTINUE_ON_FAILURE): Tapped on element 'Object Repository/SOW2-Market Order/android.widget.Button - YES'

2024-02-28 14:13:19 - [MESSAGE][WARNING] - Timeout '0' is invalid. Using default page load timeout: '30'

2024-02-28 14:13:19 - [MESSAGE][PASSED] - Tapped on element 'Object Repository/SOW2-Market Order/android.widget.Button - YES'

2024-02-28 14:13:19 - [TEST_STEP][ERROR] - utilities.General_Onboarding.Onboarding_Different_User(row): Test Cases/RETAILFX-SOW2 Market Order/E2E - different User by Dealt Currency FAILED.
Reason:
com.kms.katalon.core.exception.StepErrorException: java.lang.NullPointerException: Cannot invoke method replace() on null object
	at com.kms.katalon.core.main.CustomKeywordDelegatingMetaClass.throwError(CustomKeywordDelegatingMetaClass.java:101)
	at com.kms.katalon.core.main.CustomKeywordDelegatingMetaClass.invokeStaticMethod(CustomKeywordDelegatingMetaClass.java:73)
	at E2E - different User by Dealt Currency.run(E2E - different User by Dealt Currency:28)
	at com.kms.katalon.core.main.ScriptEngine.run(ScriptEngine.java:194)
	at com.kms.katalon.core.main.ScriptEngine.runScriptAsRawText(ScriptEngine.java:119)
	at com.kms.katalon.core.main.TestCaseExecutor.runScript(TestCaseExecutor.java:448)
	at com.kms.katalon.core.main.TestCaseExecutor.doExecute(TestCaseExecutor.java:439)
	at com.kms.katalon.core.main.TestCaseExecutor.processExecutionPhase(TestCaseExecutor.java:418)
	at com.kms.katalon.core.main.TestCaseExecutor.accessMainPhase(TestCaseExecutor.java:410)
	at com.kms.katalon.core.main.TestCaseExecutor.execute(TestCaseExecutor.java:285)
	at com.kms.katalon.core.common.CommonExecutor.accessTestCaseMainPhase(CommonExecutor.java:65)
	at com.kms.katalon.core.main.TestSuiteExecutor.accessTestSuiteMainPhase(TestSuiteExecutor.java:148)
	at com.kms.katalon.core.main.TestSuiteExecutor.execute(TestSuiteExecutor.java:106)
	at com.kms.katalon.core.main.TestCaseMain.startTestSuite(TestCaseMain.java:187)
	at com.kms.katalon.core.main.TestCaseMain$startTestSuite$0.call(Unknown Source)
	at TempTestSuite1709100301647.run(TempTestSuite1709100301647.groovy:36)
Caused by: java.lang.NullPointerException: Cannot invoke method replace() on null object
	at java_lang_String$replace$1.call(Unknown Source)
	at utilities.General_Onboarding.Onboarding_Different_User(General_Onboarding.groovy:320)
	at utilities.General_Onboarding.invokeMethod(General_Onboarding.groovy)
	at com.kms.katalon.core.main.CustomKeywordDelegatingMetaClass.invokeStaticMethod(CustomKeywordDelegatingMetaClass.java:55)
	... 14 more


2024-02-28 14:13:23 - [MESSAGE][PASSED] - Tapped on element 'Object Repository/Onboarding_Obj/Next_Button'

2024-02-28 14:13:23 - [MESSAGE][PASSED] - Tapped on element 'Object Repository/Onboarding_Obj/Next_Button01'

2024-02-28 14:13:24 - [MESSAGE][PASSED] - Tapped on element 'Object Repository/Onboarding_Obj/Next_button02'

2024-02-28 14:13:29 - [MESSAGE][WARNING] - Object Object Repository/Onboarding_Obj/Next_button03 not found

2024-02-28 14:13:29 - [MESSAGE][PASSED] - Tapped on element 'Object Repository/Onboarding_Obj/Got_It_Button'

2024-02-28 14:13:31 - [MESSAGE][PASSED] - Tapped on element 'Object Repository/Onboarding_Obj/Agree_Button1'

2024-02-28 14:13:34 - [MESSAGE][PASSED] - Element 'Object Repository/Onboarding_Obj/Log_In_Now_Button' is exist

2024-02-28 14:13:34 - [MESSAGE][PASSED] - Tapped on element 'Object Repository/Dashboard_Login/Onboarding_Login/android.widget.TextView - Log In Now'

2024-02-28 14:13:36 - [MESSAGE][PASSED] - Tapped on element 'Object Repository/Dashboard_Login/Onboarding_Login/android.widget.TextView - Existing M2UMAE user Log in here'

2024-02-28 14:13:38 - [MESSAGE][PASSED] - Text 'haniftest782' has been set to element 'Object Repository/Dashboard_Login/Onboarding_Login/Username'

2024-02-28 14:13:39 - [MESSAGE][PASSED] - Keyboard is hidden

2024-02-28 14:13:39 - [MESSAGE][PASSED] - Tapped on element 'Object Repository/Dashboard_Login/Onboarding_Login/android.widget.TextView - Continue'

2024-02-28 14:13:45 - [MESSAGE][WARNING] - Object Object Repository/Dashboard_Login/Onboarding_Login/android.widget.TextView - Yes, Its Mine not found

2024-02-28 14:13:47 - [MESSAGE][WARNING] - Failed to set text into element (Root cause: org.openqa.selenium.StaleElementReferenceException: androidx.test.uiautomator.StaleObjectException
For documentation on this error, please visit: https://www.seleniumhq.org/exceptions/stale_element_reference.html
Build info: version: '3.141.59', revision: 'e82be7d358', time: '2018-11-14T08:25:53'
System info: host: '00145409s-MacBook-Pro.local', ip: 'fe80:0:0:0:1c78:916:5c04:efb3%en0', os.name: 'Mac OS X', os.arch: 'x86_64', os.version: '10.16', java.version: '1.8.0_275'
Driver info: com.kms.katalon.core.appium.driver.SwipeableAndroidDriver
Capabilities {appActivity: .Settings, appPackage: com.android.settings, appWaitActivity: , autoGrantPermission: true, autoGrantPermissions: true, automationName: uiautomator2, chromedriverPort: 51124, databaseEnabled: false, desired: {appActivity: .Settings, appPackage: com.android.settings, appWaitActivity: , autoGrantPermission: true, autoGrantPermissions: true, automationName: uiautomator2, chromedriverPort: 51124, deviceId: , deviceName: Xiaomi M2007J3SY (Android 10), newCommandTimeout: 10000, noReset: true, platform: ANDROID, platformName: android, platformVersion: 10, systemPort: 8236, udid: f5a0e2d9}, deviceApiLevel: 29, deviceId: , deviceManufacturer: Xiaomi, deviceModel: M2007J3SY, deviceName: f5a0e2d9, deviceScreenDensity: 440, deviceScreenSize: 1080x2400, deviceUDID: f5a0e2d9, javascriptEnabled: true, locationContextEnabled: false, networkConnectionEnabled: true, newCommandTimeout: 10000, noReset: true, pixelRatio: 2.75, platform: ANDROID, platformName: Android, platformVersion: 10, statBarHeight: 90, systemPort: 8236, takesScreenshot: true, udid: f5a0e2d9, viewportRect: {height: 2090, left: 0, top: 90, width: 1080}, warnings: {}, webStorageEnabled: false}
Session ID: edd61883-1b04-4e9a-9091-f1b16cb09d39
	at org.openqa.selenium.remote.http.W3CHttpResponseCodec.createException(W3CHttpResponseCodec.java:187)
	at org.openqa.selenium.remote.http.W3CHttpResponseCodec.decode(W3CHttpResponseCodec.java:122)
	at org.openqa.selenium.remote.http.W3CHttpResponseCodec.decode(W3CHttpResponseCodec.java:49)
	at org.openqa.selenium.remote.HttpCommandExecutor.execute(HttpCommandExecutor.java:158)
	at io.appium.java_client.remote.AppiumCommandExecutor.execute(AppiumCommandExecutor.java:239)
	at org.openqa.selenium.remote.RemoteWebDriver.execute(RemoteWebDriver.java:552)
	at io.appium.java_client.DefaultGenericMobileDriver.execute(DefaultGenericMobileDriver.java:42)
	at io.appium.java_client.AppiumDriver.execute(AppiumDriver.java:1)
	at io.appium.java_client.android.AndroidDriver.execute(AndroidDriver.java:1)
	at com.kms.katalon.core.appium.driver.SwipeableAndroidDriver.execute(SwipeableAndroidDriver.java:1)
	at org.openqa.selenium.remote.RemoteWebElement.execute(RemoteWebElement.java:285)
	at io.appium.java_client.DefaultGenericMobileElement.execute(DefaultGenericMobileElement.java:45)
	at io.appium.java_client.MobileElement.execute(MobileElement.java:1)
	at io.appium.java_client.android.AndroidElement.execute(AndroidElement.java:1)
	at org.openqa.selenium.remote.RemoteWebElement.sendKeys(RemoteWebElement.java:106)
	at com.kms.katalon.core.mobile.keyword.builtin.SetTextKeyword$_setText_closure1.doCall(SetTextKeyword.groovy:80)
	at com.kms.katalon.core.mobile.keyword.builtin.SetTextKeyword$_setText_closure1.call(SetTextKeyword.groovy)
	at com.kms.katalon.core.mobile.keyword.internal.MobileKeywordMain.runKeyword(MobileKeywordMain.groovy:21)
	at com.kms.katalon.core.mobile.keyword.builtin.SetTextKeyword.setText(SetTextKeyword.groovy:83)
	at com.kms.katalon.core.mobile.keyword.builtin.SetTextKeyword.execute(SetTextKeyword.groovy:66)
	at com.kms.katalon.core.keyword.internal.KeywordExecutor.executeKeywordForPlatform(KeywordExecutor.groovy:74)
	at com.kms.katalon.core.mobile.keyword.MobileBuiltInKeywords.setText(MobileBuiltInKeywords.groovy:1291)
	at com.kms.katalon.core.mobile.keyword.MobileBuiltInKeywords$setText$2.call(Unknown Source)
	at utilities.General_Onboarding.Onboarding_Different_User(General_Onboarding.groovy:279)
	at utilities.General_Onboarding.invokeMethod(General_Onboarding.groovy)
	at com.kms.katalon.core.main.CustomKeywordDelegatingMetaClass.invokeStaticMethod(CustomKeywordDelegatingMetaClass.java:55)
	at E2E - different User by Dealt Currency.run(E2E - different User by Dealt Currency:28)
	at com.kms.katalon.core.main.ScriptEngine.run(ScriptEngine.java:194)
	at com.kms.katalon.core.main.ScriptEngine.runScriptAsRawText(ScriptEngine.java:119)
	at com.kms.katalon.core.main.TestCaseExecutor.runScript(TestCaseExecutor.java:448)
	at com.kms.katalon.core.main.TestCaseExecutor.doExecute(TestCaseExecutor.java:439)
	at com.kms.katalon.core.main.TestCaseExecutor.processExecutionPhase(TestCaseExecutor.java:418)
	at com.kms.katalon.core.main.TestCaseExecutor.accessMainPhase(TestCaseExecutor.java:410)
	at com.kms.katalon.core.main.TestCaseExecutor.execute(TestCaseExecutor.java:285)
	at com.kms.katalon.core.common.CommonExecutor.accessTestCaseMainPhase(CommonExecutor.java:65)
	at com.kms.katalon.core.main.TestSuiteExecutor.accessTestSuiteMainPhase(TestSuiteExecutor.java:148)
	at com.kms.katalon.core.main.TestSuiteExecutor.execute(TestSuiteExecutor.java:106)
	at com.kms.katalon.core.main.TestCaseMain.startTestSuite(TestCaseMain.java:187)
	at com.kms.katalon.core.main.TestCaseMain$startTestSuite$0.call(Unknown Source)
	at TempTestSuite1709100301647.run(TempTestSuite1709100301647.groovy:36)
)
[[ATTACHMENT|/Users/00145409nuralianatasha/Desktop/automation_Retail_FX(public_git)/Reports/20240228_140501/SOW2/Test on Different User/20240228_140501/1709100826824.png]]

2024-02-28 14:13:47 - [MESSAGE][PASSED] - Keyboard is hidden

2024-02-28 14:13:53 - [MESSAGE][WARNING] - Object Object Repository/Dashboard_Login/Onboarding_Login/android.widget.TextView - Continue (1) not found

2024-02-28 14:14:23 - [MESSAGE][WARNING] - Element 'Object Repository/Onboarding_Obj/android.widget.TextView - Your Maybank2u ID is already linked to the following device' not found

2024-02-28 14:14:23 - [MESSAGE][WARNING] - Timeout '0' is invalid. Using default page load timeout: '30'

2024-02-28 14:14:53 - [MESSAGE][WARNING] - Object Object Repository/Dashboard_Login/Onboarding_Login/android.widget.TextView - Your PIN no. is 111111 not found

2024-02-28 14:14:58 - [MESSAGE][WARNING] - Object Object Repository/Dashboard_Login/Onboarding_Login/android.widget.ImageView not found

2024-02-28 14:15:03 - [MESSAGE][WARNING] - Object Object Repository/Dashboard_Login/Onboarding_Login/android.widget.TextView - Your PIN no. is 111111 not found

2024-02-28 14:15:08 - [MESSAGE][WARNING] - Object Object Repository/Dashboard_Login/Onboarding_Login/android.widget.ImageView not found

2024-02-28 14:15:14 - [MESSAGE][WARNING] - Object Object Repository/Dashboard_Login/Onboarding_Login/android.widget.TextView - Set Up Later not found

2024-02-28 14:15:19 - [MESSAGE][WARNING] - Object Object Repository/Dashboard_Login/Onboarding_Login/android.widget.TextView - Yes, Proceed not found

2024-02-28 14:15:24 - [MESSAGE][WARNING] - Object Object Repository/Dashboard_Login/Onboarding_Login/android.widget.TextView - OTP not found

2024-02-28 14:15:24 - [MESSAGE][ERROR] - Cannot invoke method replace() on null object

2024-02-28 14:15:24 - [MESSAGE][ERROR] - Test Cases/RETAILFX-SOW2 Market Order/E2E - different User by Dealt Currency FAILED.
Reason:
com.kms.katalon.core.exception.StepErrorException: java.lang.NullPointerException: Cannot invoke method replace() on null object
	at com.kms.katalon.core.main.CustomKeywordDelegatingMetaClass.throwError(CustomKeywordDelegatingMetaClass.java:101)
	at com.kms.katalon.core.main.CustomKeywordDelegatingMetaClass.invokeStaticMethod(CustomKeywordDelegatingMetaClass.java:73)
	at E2E - different User by Dealt Currency.run(E2E - different User by Dealt Currency:28)
	at com.kms.katalon.core.main.ScriptEngine.run(ScriptEngine.java:194)
	at com.kms.katalon.core.main.ScriptEngine.runScriptAsRawText(ScriptEngine.java:119)
	at com.kms.katalon.core.main.TestCaseExecutor.runScript(TestCaseExecutor.java:448)
	at com.kms.katalon.core.main.TestCaseExecutor.doExecute(TestCaseExecutor.java:439)
	at com.kms.katalon.core.main.TestCaseExecutor.processExecutionPhase(TestCaseExecutor.java:418)
	at com.kms.katalon.core.main.TestCaseExecutor.accessMainPhase(TestCaseExecutor.java:410)
	at com.kms.katalon.core.main.TestCaseExecutor.execute(TestCaseExecutor.java:285)
	at com.kms.katalon.core.common.CommonExecutor.accessTestCaseMainPhase(CommonExecutor.java:65)
	at com.kms.katalon.core.main.TestSuiteExecutor.accessTestSuiteMainPhase(TestSuiteExecutor.java:148)
	at com.kms.katalon.core.main.TestSuiteExecutor.execute(TestSuiteExecutor.java:106)
	at com.kms.katalon.core.main.TestCaseMain.startTestSuite(TestCaseMain.java:187)
	at com.kms.katalon.core.main.TestCaseMain$startTestSuite$0.call(Unknown Source)
	at TempTestSuite1709100301647.run(TempTestSuite1709100301647.groovy:36)
Caused by: java.lang.NullPointerException: Cannot invoke method replace() on null object
	at java_lang_String$replace$1.call(Unknown Source)
	at utilities.General_Onboarding.Onboarding_Different_User(General_Onboarding.groovy:320)
	at utilities.General_Onboarding.invokeMethod(General_Onboarding.groovy)
	at com.kms.katalon.core.main.CustomKeywordDelegatingMetaClass.invokeStaticMethod(CustomKeywordDelegatingMetaClass.java:55)
	... 14 more]]></system-out>
         <system-err><![CDATA[2024-02-28 14:05:05 - [TEST_CASE][FAILED] - Test Cases/RETAILFX-SOW2 Market Order/E2E - different User by Dealt Currency: Test Cases/RETAILFX-SOW2 Market Order/E2E - different User by Dealt Currency FAILED.
Reason:
com.kms.katalon.core.exception.StepFailedException: Element 'Object Repository/Global Account Page/dynamicText' not found
	at com.kms.katalon.core.keyword.internal.KeywordMain.stepFailed(KeywordMain.groovy:39)
	at com.kms.katalon.core.mobile.keyword.internal.MobileKeywordMain.stepFailed(MobileKeywordMain.groovy:40)
	at com.kms.katalon.core.mobile.keyword.builtin.VerifyElementExistKeyword$_verifyElementExist_closure1.doCall(VerifyElementExistKeyword.groovy:77)
	at com.kms.katalon.core.mobile.keyword.builtin.VerifyElementExistKeyword$_verifyElementExist_closure1.call(VerifyElementExistKeyword.groovy)
	at com.kms.katalon.core.mobile.keyword.internal.MobileKeywordMain.runKeyword(MobileKeywordMain.groovy:21)
	at com.kms.katalon.core.mobile.keyword.builtin.VerifyElementExistKeyword.verifyElementExist(VerifyElementExistKeyword.groovy:80)
	at com.kms.katalon.core.mobile.keyword.builtin.VerifyElementExistKeyword.execute(VerifyElementExistKeyword.groovy:64)
	at com.kms.katalon.core.keyword.internal.KeywordExecutor.executeKeywordForPlatform(KeywordExecutor.groovy:74)
	at com.kms.katalon.core.mobile.keyword.MobileBuiltInKeywords.verifyElementExist(MobileBuiltInKeywords.groovy:1739)
	at com.kms.katalon.core.mobile.keyword.MobileBuiltInKeywords$verifyElementExist$1.call(Unknown Source)
	at E2E - different User by Dealt Currency.run(E2E - different User by Dealt Currency:130)
	at com.kms.katalon.core.main.ScriptEngine.run(ScriptEngine.java:194)
	at com.kms.katalon.core.main.ScriptEngine.runScriptAsRawText(ScriptEngine.java:119)
	at com.kms.katalon.core.main.TestCaseExecutor.runScript(TestCaseExecutor.java:448)
	at com.kms.katalon.core.main.TestCaseExecutor.doExecute(TestCaseExecutor.java:439)
	at com.kms.katalon.core.main.TestCaseExecutor.processExecutionPhase(TestCaseExecutor.java:418)
	at com.kms.katalon.core.main.TestCaseExecutor.accessMainPhase(TestCaseExecutor.java:410)
	at com.kms.katalon.core.main.TestCaseExecutor.execute(TestCaseExecutor.java:285)
	at com.kms.katalon.core.common.CommonExecutor.accessTestCaseMainPhase(CommonExecutor.java:65)
	at com.kms.katalon.core.main.TestSuiteExecutor.accessTestSuiteMainPhase(TestSuiteExecutor.java:148)
	at com.kms.katalon.core.main.TestSuiteExecutor.execute(TestSuiteExecutor.java:106)
	at com.kms.katalon.core.main.TestCaseMain.startTestSuite(TestCaseMain.java:187)
	at com.kms.katalon.core.main.TestCaseMain$startTestSuite$0.call(Unknown Source)
	at TempTestSuite1709100301647.run(TempTestSuite1709100301647.groovy:36)]]></system-err>
      </testcase>
      <system-out><![CDATA[2024-02-28 14:05:04 - [TEST_SUITE][FAILED] - Test on Different User: Test Cases/RETAILFX-SOW2 Market Order/E2E - different User by Dealt Currency FAILED.
Reason:
com.kms.katalon.core.exception.StepFailedException: Element 'Object Repository/Global Account Page/dynamicText' not found
	at com.kms.katalon.core.keyword.internal.KeywordMain.stepFailed(KeywordMain.groovy:39)
	at com.kms.katalon.core.mobile.keyword.internal.MobileKeywordMain.stepFailed(MobileKeywordMain.groovy:40)
	at com.kms.katalon.core.mobile.keyword.builtin.VerifyElementExistKeyword$_verifyElementExist_closure1.doCall(VerifyElementExistKeyword.groovy:77)
	at com.kms.katalon.core.mobile.keyword.builtin.VerifyElementExistKeyword$_verifyElementExist_closure1.call(VerifyElementExistKeyword.groovy)
	at com.kms.katalon.core.mobile.keyword.internal.MobileKeywordMain.runKeyword(MobileKeywordMain.groovy:21)
	at com.kms.katalon.core.mobile.keyword.builtin.VerifyElementExistKeyword.verifyElementExist(VerifyElementExistKeyword.groovy:80)
	at com.kms.katalon.core.mobile.keyword.builtin.VerifyElementExistKeyword.execute(VerifyElementExistKeyword.groovy:64)
	at com.kms.katalon.core.keyword.internal.KeywordExecutor.executeKeywordForPlatform(KeywordExecutor.groovy:74)
	at com.kms.katalon.core.mobile.keyword.MobileBuiltInKeywords.verifyElementExist(MobileBuiltInKeywords.groovy:1739)
	at com.kms.katalon.core.mobile.keyword.MobileBuiltInKeywords$verifyElementExist$1.call(Unknown Source)
	at E2E - different User by Dealt Currency.run(E2E - different User by Dealt Currency:130)
	at com.kms.katalon.core.main.ScriptEngine.run(ScriptEngine.java:194)
	at com.kms.katalon.core.main.ScriptEngine.runScriptAsRawText(ScriptEngine.java:119)
	at com.kms.katalon.core.main.TestCaseExecutor.runScript(TestCaseExecutor.java:448)
	at com.kms.katalon.core.main.TestCaseExecutor.doExecute(TestCaseExecutor.java:439)
	at com.kms.katalon.core.main.TestCaseExecutor.processExecutionPhase(TestCaseExecutor.java:418)
	at com.kms.katalon.core.main.TestCaseExecutor.accessMainPhase(TestCaseExecutor.java:410)
	at com.kms.katalon.core.main.TestCaseExecutor.execute(TestCaseExecutor.java:285)
	at com.kms.katalon.core.common.CommonExecutor.accessTestCaseMainPhase(CommonExecutor.java:65)
	at com.kms.katalon.core.main.TestSuiteExecutor.accessTestSuiteMainPhase(TestSuiteExecutor.java:148)
	at com.kms.katalon.core.main.TestSuiteExecutor.execute(TestSuiteExecutor.java:106)
	at com.kms.katalon.core.main.TestCaseMain.startTestSuite(TestCaseMain.java:187)
	at com.kms.katalon.core.main.TestCaseMain$startTestSuite$0.call(Unknown Source)
	at TempTestSuite1709100301647.run(TempTestSuite1709100301647.groovy:36)]]></system-out>
      <system-err><![CDATA[2024-02-28 14:05:04 - [TEST_SUITE][FAILED] - Test on Different User: Test Cases/RETAILFX-SOW2 Market Order/E2E - different User by Dealt Currency FAILED.
Reason:
com.kms.katalon.core.exception.StepFailedException: Element 'Object Repository/Global Account Page/dynamicText' not found
	at com.kms.katalon.core.keyword.internal.KeywordMain.stepFailed(KeywordMain.groovy:39)
	at com.kms.katalon.core.mobile.keyword.internal.MobileKeywordMain.stepFailed(MobileKeywordMain.groovy:40)
	at com.kms.katalon.core.mobile.keyword.builtin.VerifyElementExistKeyword$_verifyElementExist_closure1.doCall(VerifyElementExistKeyword.groovy:77)
	at com.kms.katalon.core.mobile.keyword.builtin.VerifyElementExistKeyword$_verifyElementExist_closure1.call(VerifyElementExistKeyword.groovy)
	at com.kms.katalon.core.mobile.keyword.internal.MobileKeywordMain.runKeyword(MobileKeywordMain.groovy:21)
	at com.kms.katalon.core.mobile.keyword.builtin.VerifyElementExistKeyword.verifyElementExist(VerifyElementExistKeyword.groovy:80)
	at com.kms.katalon.core.mobile.keyword.builtin.VerifyElementExistKeyword.execute(VerifyElementExistKeyword.groovy:64)
	at com.kms.katalon.core.keyword.internal.KeywordExecutor.executeKeywordForPlatform(KeywordExecutor.groovy:74)
	at com.kms.katalon.core.mobile.keyword.MobileBuiltInKeywords.verifyElementExist(MobileBuiltInKeywords.groovy:1739)
	at com.kms.katalon.core.mobile.keyword.MobileBuiltInKeywords$verifyElementExist$1.call(Unknown Source)
	at E2E - different User by Dealt Currency.run(E2E - different User by Dealt Currency:130)
	at com.kms.katalon.core.main.ScriptEngine.run(ScriptEngine.java:194)
	at com.kms.katalon.core.main.ScriptEngine.runScriptAsRawText(ScriptEngine.java:119)
	at com.kms.katalon.core.main.TestCaseExecutor.runScript(TestCaseExecutor.java:448)
	at com.kms.katalon.core.main.TestCaseExecutor.doExecute(TestCaseExecutor.java:439)
	at com.kms.katalon.core.main.TestCaseExecutor.processExecutionPhase(TestCaseExecutor.java:418)
	at com.kms.katalon.core.main.TestCaseExecutor.accessMainPhase(TestCaseExecutor.java:410)
	at com.kms.katalon.core.main.TestCaseExecutor.execute(TestCaseExecutor.java:285)
	at com.kms.katalon.core.common.CommonExecutor.accessTestCaseMainPhase(CommonExecutor.java:65)
	at com.kms.katalon.core.main.TestSuiteExecutor.accessTestSuiteMainPhase(TestSuiteExecutor.java:148)
	at com.kms.katalon.core.main.TestSuiteExecutor.execute(TestSuiteExecutor.java:106)
	at com.kms.katalon.core.main.TestCaseMain.startTestSuite(TestCaseMain.java:187)
	at com.kms.katalon.core.main.TestCaseMain$startTestSuite$0.call(Unknown Source)
	at TempTestSuite1709100301647.run(TempTestSuite1709100301647.groovy:36)]]></system-err>
   </testsuite>
</testsuites>
